[35m[1mScanning dependencies of target geometry_msgs_generate_messages_cpp[0m
[  0%] Built target geometry_msgs_generate_messages_cpp
[35m[1mScanning dependencies of target _whycon_generate_messages_check_deps_Projection[0m
[  0%] Built target _whycon_generate_messages_check_deps_Projection
[35m[1mScanning dependencies of target whycon[0m
[35m[1mScanning dependencies of target geometry_msgs_generate_messages_py[0m
[  0%] Built target geometry_msgs_generate_messages_py
[35m[1mScanning dependencies of target geometry_msgs_generate_messages_nodejs[0m
[  0%] Built target geometry_msgs_generate_messages_nodejs
[  3%] [32mBuilding CXX object CMakeFiles/whycon.dir/src/lib/circle_detector.cpp.o[0m
[  7%] [32mBuilding CXX object CMakeFiles/whycon.dir/src/lib/many_circle_detector.cpp.o[0m
[ 11%] [32mBuilding CXX object CMakeFiles/whycon.dir/src/lib/localization_system.cpp.o[0m
[35m[1mScanning dependencies of target geometry_msgs_generate_messages_lisp[0m
[ 11%] Built target geometry_msgs_generate_messages_lisp
[35m[1mScanning dependencies of target geometry_msgs_generate_messages_eus[0m
[ 11%] Built target geometry_msgs_generate_messages_eus
[35m[1mScanning dependencies of target whycon_generate_messages_py[0m
[35m[1mScanning dependencies of target whycon_generate_messages_cpp[0m
[35m[1mScanning dependencies of target whycon_generate_messages_nodejs[0m
[ 19%] [34m[1mGenerating C++ code from whycon/Projection.msg[0m
[ 19%] [34m[1mGenerating Python from MSG whycon/Projection[0m
[35m[1mScanning dependencies of target whycon_generate_messages_lisp[0m
[ 23%] [34m[1mGenerating Javascript code from whycon/Projection.msg[0m
[ 26%] [34m[1mGenerating Lisp code from whycon/Projection.msg[0m
[ 26%] Built target whycon_generate_messages_lisp
[ 26%] Built target whycon_generate_messages_nodejs
[35m[1mScanning dependencies of target whycon_generate_messages_eus[0m
[ 34%] [34m[1mGenerating EusLisp manifest code for whycon[0m
[ 34%] [34m[1mGenerating EusLisp code from whycon/Projection.msg[0m
[ 34%] Built target whycon_generate_messages_cpp
[ 38%] [34m[1mGenerating Python msg __init__.py for whycon[0m
[ 38%] Built target whycon_generate_messages_py
[ 38%] Built target whycon_generate_messages_eus
[35m[1mScanning dependencies of target whycon_generate_messages[0m
[ 38%] Built target whycon_generate_messages
[01m[K/home/anas/catkin_ws/src/luminosity_drone/whycon/src/lib/circle_detector.cpp:[m[K In member function ‘[01m[Kwhycon::CircleDetector::Circle whycon::CircleDetector::detect(const cv::Mat&, bool&, const whycon::CircleDetector::Circle&)[m[K’:
[01m[K/home/anas/catkin_ws/src/luminosity_drone/whycon/src/lib/circle_detector.cpp:454:3:[m[K [01;35m[Kwarning: [m[Kthis ‘[01m[Kelse[m[K’ clause does not guard... [[01;35m[K-Wmisleading-indentation[m[K]
  454 |   [01;35m[Kelse[m[K WHYCON_DEBUG("detected at " << inner.x << " " << inner.y);
      |   [01;35m[K^~~~[m[K
[01m[K/home/anas/catkin_ws/src/luminosity_drone/whycon/src/lib/circle_detector.cpp:455:2:[m[K [01;36m[Knote: [m[K...this statement, but the latter is misleadingly indented as if it were guarded by the ‘[01m[Kelse[m[K’
  455 |  [01;36m[Kreturn[m[K inner;
      |  [01;36m[K^~~~~~[m[K
[01m[K/home/anas/catkin_ws/src/luminosity_drone/whycon/src/lib/circle_detector.cpp:425:111:[m[K [01;35m[Kwarning: [m[K‘[01m[Klocal_y[m[K’ may be used uninitialized in this function [[01;35m[K-Wmaybe-uninitialized[m[K]
  425 |    if (local_x >= local_window_x + local_window_width || local_x >= width) { local_x = local_window_x; [01;35m[Klocal_y++[m[K; }
      |                                                                                                        [01;35m[K~~~~~~~^~[m[K
[01m[K/home/anas/catkin_ws/src/luminosity_drone/whycon/src/lib/circle_detector.cpp:424:11:[m[K [01;35m[Kwarning: [m[K‘[01m[Klocal_x[m[K’ may be used uninitialized in this function [[01;35m[K-Wmaybe-uninitialized[m[K]
  424 |    [01;35m[Klocal_x++[m[K;
      |    [01;35m[K~~~~~~~^~[m[K
[ 42%] [32m[1mLinking CXX shared library /home/anas/catkin_ws/devel/.private/whycon/lib/libwhycon.so[0m
[ 42%] Built target whycon
[35m[1mScanning dependencies of target transformer[0m
[ 46%] [32mBuilding CXX object CMakeFiles/transformer.dir/src/ros/transformer.cpp.o[0m
[ 50%] [32mBuilding CXX object CMakeFiles/transformer.dir/src/ros/transformer_node.cpp.o[0m
[35m[1mScanning dependencies of target whycon_nodelet[0m
[ 53%] [32mBuilding CXX object CMakeFiles/whycon_nodelet.dir/src/ros/whycon_nodelet.cpp.o[0m
[ 57%] [32mBuilding CXX object CMakeFiles/whycon_nodelet.dir/src/ros/whycon_ros.cpp.o[0m
[35m[1mScanning dependencies of target whycon-node[0m
[ 61%] [32mBuilding CXX object CMakeFiles/whycon-node.dir/src/ros/whycon_node.cpp.o[0m
[ 65%] [32mBuilding CXX object CMakeFiles/whycon-node.dir/src/ros/whycon_ros.cpp.o[0m
[35m[1mScanning dependencies of target set_axis[0m
[ 69%] [32mBuilding CXX object CMakeFiles/set_axis.dir/src/ros/set_axis_node.cpp.o[0m
[ 73%] [32mBuilding CXX object CMakeFiles/set_axis.dir/src/ros/set_axis.cpp.o[0m
[35m[1mScanning dependencies of target robot_pose_publisher[0m
[ 76%] [32mBuilding CXX object CMakeFiles/robot_pose_publisher.dir/src/ros/robot_pose_publisher.cpp.o[0m
[ 80%] [32mBuilding CXX object CMakeFiles/robot_pose_publisher.dir/src/ros/robot_pose_publisher_node.cpp.o[0m
[ 84%] [32m[1mLinking CXX shared library /home/anas/catkin_ws/devel/.private/whycon/lib/libwhycon_nodelet.so[0m
[ 88%] [32m[1mLinking CXX executable /home/anas/catkin_ws/devel/.private/whycon/lib/whycon/transformer[0m
[ 88%] Built target whycon_nodelet
[ 88%] Built target transformer
[ 92%] [32m[1mLinking CXX executable /home/anas/catkin_ws/devel/.private/whycon/lib/whycon/whycon[0m
[ 96%] [32m[1mLinking CXX executable /home/anas/catkin_ws/devel/.private/whycon/lib/whycon/robot_pose_publisher[0m
[ 96%] Built target robot_pose_publisher
[ 96%] Built target whycon-node
In file included from [01m[K/opt/ros/noetic/include/tf/LinearMath/Matrix3x3.h:19[m[K,
                 from [01m[K/opt/ros/noetic/include/tf/LinearMath/Transform.h:21[m[K,
                 from [01m[K/opt/ros/noetic/include/tf/transform_datatypes.h:41[m[K,
                 from [01m[K/opt/ros/noetic/include/tf/time_cache.h:38[m[K,
                 from [01m[K/opt/ros/noetic/include/tf/tf.h:44[m[K,
                 from [01m[K/home/anas/catkin_ws/src/luminosity_drone/whycon/src/ros/set_axis.h:5[m[K,
                 from [01m[K/home/anas/catkin_ws/src/luminosity_drone/whycon/src/ros/set_axis.cpp:6[m[K:
[01m[K/opt/ros/noetic/include/tf/LinearMath/Vector3.h:[m[K In member function ‘[01m[Ktf::Transform whycon::AxisSetter::compute_similarity(const std::vector<tf::Vector3>&)[m[K’:
[01m[K/opt/ros/noetic/include/tf/LinearMath/Vector3.h:376:62:[m[K [01;35m[Kwarning: [m[K‘[01m[K*((void*)(& rot_transform)+96).tf::Vector3::m_floats[2][m[K’ is used uninitialized in this function [[01;35m[K-Wuninitialized[m[K]
  376 |  return Vector3(-v.m_floats[0], -v.m_floats[1], -[01;35m[Kv.m_floats[2][m[K);
      |                                                  [01;35m[K~~~~~~~~~~~~^[m[K
[01m[K/opt/ros/noetic/include/tf/LinearMath/Vector3.h:376:46:[m[K [01;35m[Kwarning: [m[K‘[01m[K*((void*)(& rot_transform)+96).tf::Vector3::m_floats[1][m[K’ is used uninitialized in this function [[01;35m[K-Wuninitialized[m[K]
  376 |  return Vector3(-v.m_floats[0], -[01;35m[Kv.m_floats[1][m[K, -v.m_floats[2]);
      |                                  [01;35m[K~~~~~~~~~~~~^[m[K
[01m[K/opt/ros/noetic/include/tf/LinearMath/Vector3.h:376:30:[m[K [01;35m[Kwarning: [m[K‘[01m[K*((void*)(& rot_transform)+96).tf::Vector3::m_floats[0][m[K’ is used uninitialized in this function [[01;35m[K-Wuninitialized[m[K]
  376 |  return Vector3(-[01;35m[Kv.m_floats[0][m[K, -v.m_floats[1], -v.m_floats[2]);
      |                  [01;35m[K~~~~~~~~~~~~^[m[K
[100%] [32m[1mLinking CXX executable /home/anas/catkin_ws/devel/.private/whycon/lib/whycon/set_axis[0m
[100%] Built target set_axis
