Linked: (/home/anas/catkin_ws/devel/.private/whycon/share/common-lisp/ros/whycon/msg/whycon-msg.asd, /home/anas/catkin_ws/devel/share/common-lisp/ros/whycon/msg/whycon-msg.asd)
Linked: (/home/anas/catkin_ws/devel/.private/whycon/share/common-lisp/ros/whycon/msg/_package_Projection.lisp, /home/anas/catkin_ws/devel/share/common-lisp/ros/whycon/msg/_package_Projection.lisp)
Linked: (/home/anas/catkin_ws/devel/.private/whycon/share/common-lisp/ros/whycon/msg/_package.lisp, /home/anas/catkin_ws/devel/share/common-lisp/ros/whycon/msg/_package.lisp)
Linked: (/home/anas/catkin_ws/devel/.private/whycon/share/common-lisp/ros/whycon/msg/Projection.lisp, /home/anas/catkin_ws/devel/share/common-lisp/ros/whycon/msg/Projection.lisp)
Linked: (/home/anas/catkin_ws/devel/.private/whycon/share/roseus/ros/whycon/manifest.l, /home/anas/catkin_ws/devel/share/roseus/ros/whycon/manifest.l)
Linked: (/home/anas/catkin_ws/devel/.private/whycon/share/roseus/ros/whycon/msg/Projection.l, /home/anas/catkin_ws/devel/share/roseus/ros/whycon/msg/Projection.l)
Linked: (/home/anas/catkin_ws/devel/.private/whycon/share/whycon/cmake/whyconConfig.cmake, /home/anas/catkin_ws/devel/share/whycon/cmake/whyconConfig.cmake)
Linked: (/home/anas/catkin_ws/devel/.private/whycon/share/whycon/cmake/whyconConfig-version.cmake, /home/anas/catkin_ws/devel/share/whycon/cmake/whyconConfig-version.cmake)
Linked: (/home/anas/catkin_ws/devel/.private/whycon/share/whycon/cmake/whycon-msg-paths.cmake, /home/anas/catkin_ws/devel/share/whycon/cmake/whycon-msg-paths.cmake)
Linked: (/home/anas/catkin_ws/devel/.private/whycon/share/whycon/cmake/whycon-msg-extras.cmake, /home/anas/catkin_ws/devel/share/whycon/cmake/whycon-msg-extras.cmake)
Linked: (/home/anas/catkin_ws/devel/.private/whycon/share/gennodejs/ros/whycon/_index.js, /home/anas/catkin_ws/devel/share/gennodejs/ros/whycon/_index.js)
Linked: (/home/anas/catkin_ws/devel/.private/whycon/share/gennodejs/ros/whycon/msg/_index.js, /home/anas/catkin_ws/devel/share/gennodejs/ros/whycon/msg/_index.js)
Linked: (/home/anas/catkin_ws/devel/.private/whycon/share/gennodejs/ros/whycon/msg/Projection.js, /home/anas/catkin_ws/devel/share/gennodejs/ros/whycon/msg/Projection.js)
Linked: (/home/anas/catkin_ws/devel/.private/whycon/lib/libwhycon_nodelet.so, /home/anas/catkin_ws/devel/lib/libwhycon_nodelet.so)
Linked: (/home/anas/catkin_ws/devel/.private/whycon/lib/libwhycon.so, /home/anas/catkin_ws/devel/lib/libwhycon.so)
Linked: (/home/anas/catkin_ws/devel/.private/whycon/lib/pkgconfig/whycon.pc, /home/anas/catkin_ws/devel/lib/pkgconfig/whycon.pc)
Linked: (/home/anas/catkin_ws/devel/.private/whycon/lib/python3/dist-packages/whycon/__init__.py, /home/anas/catkin_ws/devel/lib/python3/dist-packages/whycon/__init__.py)
Linked: (/home/anas/catkin_ws/devel/.private/whycon/lib/python3/dist-packages/whycon/msg/__init__.py, /home/anas/catkin_ws/devel/lib/python3/dist-packages/whycon/msg/__init__.py)
Linked: (/home/anas/catkin_ws/devel/.private/whycon/lib/python3/dist-packages/whycon/msg/_Projection.py, /home/anas/catkin_ws/devel/lib/python3/dist-packages/whycon/msg/_Projection.py)
Linked: (/home/anas/catkin_ws/devel/.private/whycon/lib/whycon/set_axis, /home/anas/catkin_ws/devel/lib/whycon/set_axis)
Linked: (/home/anas/catkin_ws/devel/.private/whycon/lib/whycon/whycon, /home/anas/catkin_ws/devel/lib/whycon/whycon)
Linked: (/home/anas/catkin_ws/devel/.private/whycon/lib/whycon/transformer, /home/anas/catkin_ws/devel/lib/whycon/transformer)
Linked: (/home/anas/catkin_ws/devel/.private/whycon/lib/whycon/robot_pose_publisher, /home/anas/catkin_ws/devel/lib/whycon/robot_pose_publisher)
Linked: (/home/anas/catkin_ws/devel/.private/whycon/include/whycon/Projection.h, /home/anas/catkin_ws/devel/include/whycon/Projection.h)
