Symlinking /home/anas/catkin_ws/devel/share/common-lisp/ros/whycon/msg/whycon-msg.asd
Symlinking /home/anas/catkin_ws/devel/share/common-lisp/ros/whycon/msg/_package_Projection.lisp
Symlinking /home/anas/catkin_ws/devel/share/common-lisp/ros/whycon/msg/_package.lisp
Symlinking /home/anas/catkin_ws/devel/share/common-lisp/ros/whycon/msg/Projection.lisp
Symlinking /home/anas/catkin_ws/devel/share/roseus/ros/whycon/manifest.l
Symlinking /home/anas/catkin_ws/devel/share/roseus/ros/whycon/msg/Projection.l
Symlinking /home/anas/catkin_ws/devel/share/whycon/cmake/whyconConfig.cmake
Symlinking /home/anas/catkin_ws/devel/share/whycon/cmake/whyconConfig-version.cmake
Symlinking /home/anas/catkin_ws/devel/share/whycon/cmake/whycon-msg-paths.cmake
Symlinking /home/anas/catkin_ws/devel/share/whycon/cmake/whycon-msg-extras.cmake
Symlinking /home/anas/catkin_ws/devel/share/gennodejs/ros/whycon/_index.js
Symlinking /home/anas/catkin_ws/devel/share/gennodejs/ros/whycon/msg/_index.js
Symlinking /home/anas/catkin_ws/devel/share/gennodejs/ros/whycon/msg/Projection.js
Symlinking /home/anas/catkin_ws/devel/lib/libwhycon_nodelet.so
Symlinking /home/anas/catkin_ws/devel/lib/libwhycon.so
Symlinking /home/anas/catkin_ws/devel/lib/pkgconfig/whycon.pc
Symlinking /home/anas/catkin_ws/devel/lib/python3/dist-packages/whycon/__init__.py
Symlinking /home/anas/catkin_ws/devel/lib/python3/dist-packages/whycon/msg/__init__.py
Symlinking /home/anas/catkin_ws/devel/lib/python3/dist-packages/whycon/msg/_Projection.py
Symlinking /home/anas/catkin_ws/devel/lib/whycon/set_axis
Symlinking /home/anas/catkin_ws/devel/lib/whycon/whycon
Symlinking /home/anas/catkin_ws/devel/lib/whycon/transformer
Symlinking /home/anas/catkin_ws/devel/lib/whycon/robot_pose_publisher
Symlinking /home/anas/catkin_ws/devel/include/whycon/Projection.h
