[35m[1mScanning dependencies of target _pid_tune_generate_messages_check_deps_PidTune[0m
[  0%] Built target _pid_tune_generate_messages_check_deps_PidTune
[35m[1mScanning dependencies of target std_msgs_generate_messages_nodejs[0m
[  0%] Built target std_msgs_generate_messages_nodejs
[35m[1mScanning dependencies of target std_msgs_generate_messages_eus[0m
[35m[1mScanning dependencies of target std_msgs_generate_messages_py[0m
[  0%] Built target std_msgs_generate_messages_eus
[  0%] Built target std_msgs_generate_messages_py
[35m[1mScanning dependencies of target std_msgs_generate_messages_cpp[0m
[  0%] Built target std_msgs_generate_messages_cpp
[35m[1mScanning dependencies of target std_msgs_generate_messages_lisp[0m
[  0%] Built target std_msgs_generate_messages_lisp
[35m[1mScanning dependencies of target pid_tune_generate_messages_nodejs[0m
[ 14%] [34m[1mGenerating Javascript code from pid_tune/PidTune.msg[0m
[ 14%] Built target pid_tune_generate_messages_nodejs
[35m[1mScanning dependencies of target pid_tune_generate_messages_eus[0m
[ 28%] [34m[1mGenerating EusLisp code from pid_tune/PidTune.msg[0m
[ 42%] [34m[1mGenerating EusLisp manifest code for pid_tune[0m
[35m[1mScanning dependencies of target pid_tune_generate_messages_py[0m
[ 57%] [34m[1mGenerating Python from MSG pid_tune/PidTune[0m
[ 71%] [34m[1mGenerating Python msg __init__.py for pid_tune[0m
[ 71%] Built target pid_tune_generate_messages_py
[ 71%] Built target pid_tune_generate_messages_eus
[35m[1mScanning dependencies of target pid_tune_generate_messages_cpp[0m
[ 85%] [34m[1mGenerating C++ code from pid_tune/PidTune.msg[0m
[35m[1mScanning dependencies of target pid_tune_generate_messages_lisp[0m
[100%] [34m[1mGenerating Lisp code from pid_tune/PidTune.msg[0m
[100%] Built target pid_tune_generate_messages_lisp
[100%] Built target pid_tune_generate_messages_cpp
[35m[1mScanning dependencies of target pid_tune_generate_messages[0m
[100%] Built target pid_tune_generate_messages
