MagneticField.proto: warning: Import quaternion.proto but not used.
In file included from [01m[K/opt/ros/noetic/include/mavlink/v1.0/common/../protocol.h:85[m[K,
                 from [01m[K/opt/ros/noetic/include/mavlink/v1.0/common/common.h:29[m[K,
                 from [01m[K/opt/ros/noetic/include/mavlink/v1.0/common/mavlink.h:32[m[K,
                 from [01m[K/home/anas/catkin_ws/src/luminosity_drone/swift_simulator/rotors_gazebo_plugins/include/rotors_gazebo_plugins/gazebo_mavlink_interface.h:39[m[K,
                 from [01m[K/home/anas/catkin_ws/src/luminosity_drone/swift_simulator/rotors_gazebo_plugins/src/gazebo_mavlink_interface.cpp:23[m[K:
[01m[K/opt/ros/noetic/include/mavlink/v1.0/common/../mavlink_helpers.h:[m[K In function ‘[01m[Kuint16_t mavlink_finalize_message_chan(mavlink_message_t*, uint8_t, uint8_t, uint8_t, uint8_t, uint8_t, uint8_t)[m[K’:
[01m[K/opt/ros/noetic/include/mavlink/v1.0/common/../mavlink_helpers.h:86:24:[m[K [01;35m[Kwarning: [m[Ktaking address of packed member of ‘[01m[K__mavlink_message[m[K’ may result in an unaligned pointer value [[01;35m[K-Waddress-of-packed-member[m[K]
   86 |  crc_accumulate_buffer([01;35m[K&msg->checksum[m[K, _MAV_PAYLOAD(msg), msg->len);
      |                        [01;35m[K^~~~~~~~~~~~~~[m[K
[01m[K/opt/ros/noetic/include/mavlink/v1.0/common/../mavlink_helpers.h:88:28:[m[K [01;35m[Kwarning: [m[Ktaking address of packed member of ‘[01m[K__mavlink_message[m[K’ may result in an unaligned pointer value [[01;35m[K-Waddress-of-packed-member[m[K]
   88 |  crc_accumulate(crc_extra, [01;35m[K&msg->checksum[m[K);
      |                            [01;35m[K^~~~~~~~~~~~~~[m[K
[01m[K/opt/ros/noetic/include/mavlink/v1.0/common/../mavlink_helpers.h:[m[K In function ‘[01m[Kvoid mavlink_start_checksum(mavlink_message_t*)[m[K’:
[01m[K/opt/ros/noetic/include/mavlink/v1.0/common/../mavlink_helpers.h:200:11:[m[K [01;35m[Kwarning: [m[Ktaking address of packed member of ‘[01m[K__mavlink_message[m[K’ may result in an unaligned pointer value [[01;35m[K-Waddress-of-packed-member[m[K]
  200 |  crc_init([01;35m[K&msg->checksum[m[K);
      |           [01;35m[K^~~~~~~~~~~~~~[m[K
[01m[K/opt/ros/noetic/include/mavlink/v1.0/common/../mavlink_helpers.h:[m[K In function ‘[01m[Kvoid mavlink_update_checksum(mavlink_message_t*, uint8_t)[m[K’:
[01m[K/opt/ros/noetic/include/mavlink/v1.0/common/../mavlink_helpers.h:205:20:[m[K [01;35m[Kwarning: [m[Ktaking address of packed member of ‘[01m[K__mavlink_message[m[K’ may result in an unaligned pointer value [[01;35m[K-Waddress-of-packed-member[m[K]
  205 |  crc_accumulate(c, [01;35m[K&msg->checksum[m[K);
      |                    [01;35m[K^~~~~~~~~~~~~~[m[K
